RUN setup.sh FIRST IF YOU HAVEN'T!!!
0
0
0
Processes killed
make: Nothing to be done for 'all'.
Running as user "root" and group "root". This could be dangerous.
Capturing on 'enp94s0f0'
 ** (tshark:295964) 17:43:25.837692 [Main MESSAGE] -- Capture started.
 ** (tshark:295964) 17:43:25.837944 [Main MESSAGE] -- File: "/tmp/wireshark_enp94s0f0LKA5K2.pcapng"
0 packets captured
Processes killed
0
0
0
Processes killed
make: Nothing to be done for 'all'.
Running as user "root" and group "root". This could be dangerous.
Capturing on 'enp94s0f0'
 ** (tshark:296124) 17:43:36.785716 [Main MESSAGE] -- Capture started.
 ** (tshark:296124) 17:43:36.785960 [Main MESSAGE] -- File: "/tmp/wireshark_enp94s0f04MCFL2.pcapng"
0 packets captured
Processes killed
0
0
0
Processes killed
make: Nothing to be done for 'all'.
Running as user "root" and group "root". This could be dangerous.
Capturing on 'enp94s0f0'
 ** (tshark:296250) 17:43:47.749762 [Main MESSAGE] -- Capture started.
 ** (tshark:296250) 17:43:47.750008 [Main MESSAGE] -- File: "/tmp/wireshark_enp94s0f0PPYFL2.pcapng"
0 packets captured
Processes killed
0
0
0
Processes killed
make: Nothing to be done for 'all'.
Running as user "root" and group "root". This could be dangerous.
Capturing on 'enp94s0f0'
 ** (tshark:296381) 17:43:58.677739 [Main MESSAGE] -- Capture started.
 ** (tshark:296381) 17:43:58.678005 [Main MESSAGE] -- File: "/tmp/wireshark_enp94s0f0B9HEL2.pcapng"
0 packets captured
Processes killed
0
0
0
Processes killed
make: Nothing to be done for 'all'.
Running as user "root" and group "root". This could be dangerous.
Capturing on 'enp94s0f0'
 ** (tshark:296500) 17:44:09.633705 [Main MESSAGE] -- Capture started.
 ** (tshark:296500) 17:44:09.633962 [Main MESSAGE] -- File: "/tmp/wireshark_enp94s0f0SJ2BL2.pcapng"
0 packets captured
Processes killed
0
0
0
Processes killed
make: Nothing to be done for 'all'.
Running as user "root" and group "root". This could be dangerous.
Capturing on 'enp94s0f0'
 ** (tshark:296640) 17:44:20.541847 [Main MESSAGE] -- Capture started.
 ** (tshark:296640) 17:44:20.542116 [Main MESSAGE] -- File: "/tmp/wireshark_enp94s0f0QGLBL2.pcapng"
0 packets captured
Processes killed
0
0
0
Processes killed
make: Nothing to be done for 'all'.
Running as user "root" and group "root". This could be dangerous.
Capturing on 'enp94s0f0'
 ** (tshark:296763) 17:44:31.489550 [Main MESSAGE] -- Capture started.
 ** (tshark:296763) 17:44:31.489795 [Main MESSAGE] -- File: "/tmp/wireshark_enp94s0f03JPLL2.pcapng"
0 packets captured
Processes killed
0
0
0
Processes killed
make: Nothing to be done for 'all'.
Running as user "root" and group "root". This could be dangerous.
Capturing on 'enp94s0f0'
 ** (tshark:296906) 17:44:42.413756 [Main MESSAGE] -- Capture started.
 ** (tshark:296906) 17:44:42.414009 [Main MESSAGE] -- File: "/tmp/wireshark_enp94s0f0LXZJL2.pcapng"
0 packets captured
Processes killed
Error: Folder 'TRACE_FIXED_C6_ENABLED_SMT_DISABLED' already exists. Exiting.
RUN setup.sh FIRST IF YOU HAVEN'T!!!
0
0
0
Processes killed
make: Nothing to be done for 'all'.
Running as user "root" and group "root". This could be dangerous.
Capturing on 'enp94s0f0'
 ** (tshark:297379) 18:01:24.941719 [Main MESSAGE] -- Capture started.
 ** (tshark:297379) 18:01:24.941976 [Main MESSAGE] -- File: "/tmp/wireshark_enp94s0f04AU8K2.pcapng"
Client closed the connection: Connection reset by peer
Client closed the connection: Success
2008 packets captured
Processes killed
0
0
0
Processes killed
make: Nothing to be done for 'all'.
Running as user "root" and group "root". This could be dangerous.
Capturing on 'enp94s0f0'
 ** (tshark:297533) 18:01:41.513739 [Main MESSAGE] -- Capture started.
 ** (tshark:297533) 18:01:41.514559 [Main MESSAGE] -- File: "/tmp/wireshark_enp94s0f0BNTKL2.pcapng"
Client closed the connection: Connection reset by peer
Client closed the connection: Success
2008 packets captured
Processes killed
0
0
0
Processes killed
make: Nothing to be done for 'all'.
Running as user "root" and group "root". This could be dangerous.
Capturing on 'enp94s0f0'
 ** (tshark:297672) 18:01:57.877795 [Main MESSAGE] -- Capture started.
 ** (tshark:297672) 18:01:57.878106 [Main MESSAGE] -- File: "/tmp/wireshark_enp94s0f04SK7K2.pcapng"
Client closed the connection: Success
Client closed the connection: Success
2008 packets captured
Processes killed
0
0
0
Processes killed
make: Nothing to be done for 'all'.
Running as user "root" and group "root". This could be dangerous.
Capturing on 'enp94s0f0'
 ** (tshark:297807) 18:02:14.398038 [Main MESSAGE] -- Capture started.
 ** (tshark:297807) 18:02:14.398296 [Main MESSAGE] -- File: "/tmp/wireshark_enp94s0f0NCSJL2.pcapng"
Client closed the connection: Success
Client closed the connection: Success
2008 packets captured
Processes killed
0
0
0
Processes killed
make: Nothing to be done for 'all'.
Running as user "root" and group "root". This could be dangerous.
Capturing on 'enp94s0f0'
 ** (tshark:297945) 18:02:31.017765 [Main MESSAGE] -- Capture started.
 ** (tshark:297945) 18:02:31.018309 [Main MESSAGE] -- File: "/tmp/wireshark_enp94s0f007TML2.pcapng"
Client closed the connection: Connection reset by peer
Client closed the connection: Success
2008 packets captured
Processes killed
0
0
0
Processes killed
make: Nothing to be done for 'all'.
Running as user "root" and group "root". This could be dangerous.
Capturing on 'enp94s0f0'
 ** (tshark:298092) 18:02:56.657842 [Main MESSAGE] -- Capture started.
 ** (tshark:298092) 18:02:56.658654 [Main MESSAGE] -- File: "/tmp/wireshark_enp94s0f0X70DL2.pcapng"
Client closed the connection: Connection reset by peer
Client closed the connection: Success
2008 packets captured
Processes killed
0
0
0
Processes killed
make: Nothing to be done for 'all'.
Running as user "root" and group "root". This could be dangerous.
Capturing on 'enp94s0f0'
 ** (tshark:298238) 18:03:22.105654 [Main MESSAGE] -- Capture started.
 ** (tshark:298238) 18:03:22.105903 [Main MESSAGE] -- File: "/tmp/wireshark_enp94s0f07X8ML2.pcapng"
Client closed the connection: Success
Client closed the connection: Success
2008 packets captured
Processes killed
0
0
0
Processes killed
make: Nothing to be done for 'all'.
Running as user "root" and group "root". This could be dangerous.
Capturing on 'enp94s0f0'
 ** (tshark:298367) 18:03:45.113707 [Main MESSAGE] -- Capture started.
 ** (tshark:298367) 18:03:45.114489 [Main MESSAGE] -- File: "/tmp/wireshark_enp94s0f0HAFNL2.pcapng"
0 packets captured
Processes killed
